2022-05-16 11:51:07.735  INFO 10708 --- [restartedMain] c.c.b.springwebapp.SpringWebApplication  : Starting SpringWebApplication using Java 17.0.2 on MEGUMICHAN with PID 10708 (D:\cts\spring-webapp\spring-webapp\target\classes started by GRACE in D:\cts\spring-webapp\spring-webapp)
2022-05-16 11:51:07.736 DEBUG 10708 --- [restartedMain] c.c.b.springwebapp.SpringWebApplication  : Running with Spring Boot v2.6.7, Spring v5.3.19
2022-05-16 11:51:07.736  INFO 10708 --- [restartedMain] c.c.b.springwebapp.SpringWebApplication  : No active profile set, falling back to 1 default profile: "default"
2022-05-16 11:51:07.857  INFO 10708 --- [restartedMain] o.s.b.w.embedded.tomcat.TomcatWebServer  : Tomcat initialized with port(s): 8090 (http)
2022-05-16 11:51:07.859  INFO 10708 --- [restartedMain] o.apache.catalina.core.StandardService   : Starting service [Tomcat]
2022-05-16 11:51:07.859  INFO 10708 --- [restartedMain] org.apache.catalina.core.StandardEngine  : Starting Servlet engine: [Apache Tomcat/9.0.62]
2022-05-16 11:51:07.876  INFO 10708 --- [restartedMain] o.a.c.c.C.[Tomcat].[localhost].[/]       : Initializing Spring embedded WebApplicationContext
2022-05-16 11:51:07.876  INFO 10708 --- [restartedMain] w.s.c.ServletWebServerApplicationContext : Root WebApplicationContext: initialization completed in 139 ms
2022-05-16 11:51:07.928  INFO 10708 --- [restartedMain] o.s.b.d.a.OptionalLiveReloadServer       : LiveReload server is running on port 35729
2022-05-16 11:51:07.937  INFO 10708 --- [restartedMain] o.s.b.w.embedded.tomcat.TomcatWebServer  : Tomcat started on port(s): 8090 (http) with context path ''
2022-05-16 11:51:07.942  INFO 10708 --- [restartedMain] c.c.b.springwebapp.SpringWebApplication  : Started SpringWebApplication in 0.247 seconds (JVM running for 2168.678)
2022-05-16 11:51:07.944  INFO 10708 --- [restartedMain] .ConditionEvaluationDeltaLoggingListener : Condition evaluation unchanged
2022-05-16 11:51:14.030  INFO 10708 --- [http-nio-8090-exec-1] o.a.c.c.C.[Tomcat].[localhost].[/]       : Initializing Spring DispatcherServlet 'dispatcherServlet'
2022-05-16 11:51:14.030  INFO 10708 --- [http-nio-8090-exec-1] o.s.web.servlet.DispatcherServlet        : Initializing Servlet 'dispatcherServlet'
2022-05-16 11:51:14.031  INFO 10708 --- [http-nio-8090-exec-1] o.s.web.servlet.DispatcherServlet        : Completed initialization in 1 ms
2022-05-16 11:51:14.031 ERROR 10708 --- [http-nio-8090-exec-1] c.cts.boot.springwebapp.LoginController  : error message
2022-05-16 11:51:14.032  WARN 10708 --- [http-nio-8090-exec-1] c.cts.boot.springwebapp.LoginController  : warn message
2022-05-16 11:51:14.032  INFO 10708 --- [http-nio-8090-exec-1] c.cts.boot.springwebapp.LoginController  : info message
2022-05-16 11:51:14.032 DEBUG 10708 --- [http-nio-8090-exec-1] c.cts.boot.springwebapp.LoginController  : debug message
2022-05-16 11:53:44.934  INFO 10708 --- [RMI TCP Connection(57)-127.0.0.1] inMXBeanRegistrar$SpringApplicationAdmin : Application shutdown requested.
2022-05-16 11:53:46.573  INFO 1492 --- [restartedMain] c.c.b.springwebapp.SpringWebApplication  : Starting SpringWebApplication using Java 17.0.2 on MEGUMICHAN with PID 1492 (D:\cts\spring-webapp\spring-webapp\target\classes started by GRACE in D:\cts\spring-webapp\spring-webapp)
2022-05-16 11:53:46.574 DEBUG 1492 --- [restartedMain] c.c.b.springwebapp.SpringWebApplication  : Running with Spring Boot v2.6.7, Spring v5.3.19
2022-05-16 11:53:46.574  INFO 1492 --- [restartedMain] c.c.b.springwebapp.SpringWebApplication  : No active profile set, falling back to 1 default profile: "default"
2022-05-16 11:53:46.607  INFO 1492 --- [restartedMain] .e.DevToolsPropertyDefaultsPostProcessor : Devtools property defaults active! Set 'spring.devtools.add-properties' to 'false' to disable
2022-05-16 11:53:46.607  INFO 1492 --- [restartedMain] .e.DevToolsPropertyDefaultsPostProcessor : For additional web related logging consider setting the 'logging.level.web' property to 'DEBUG'
2022-05-16 11:53:47.191  INFO 1492 --- [restartedMain] o.s.b.w.embedded.tomcat.TomcatWebServer  : Tomcat initialized with port(s): 8090 (http)
2022-05-16 11:53:47.202  INFO 1492 --- [restartedMain] o.apache.catalina.core.StandardService   : Starting service [Tomcat]
2022-05-16 11:53:47.202  INFO 1492 --- [restartedMain] org.apache.catalina.core.StandardEngine  : Starting Servlet engine: [Apache Tomcat/9.0.62]
2022-05-16 11:53:47.244  INFO 1492 --- [restartedMain] o.a.c.c.C.[Tomcat].[localhost].[/]       : Initializing Spring embedded WebApplicationContext
2022-05-16 11:53:47.245  INFO 1492 --- [restartedMain] w.s.c.ServletWebServerApplicationContext : Root WebApplicationContext: initialization completed in 637 ms
2022-05-16 11:53:47.494  INFO 1492 --- [restartedMain] o.s.b.d.a.OptionalLiveReloadServer       : LiveReload server is running on port 35729
2022-05-16 11:53:47.535  INFO 1492 --- [restartedMain] o.s.b.w.embedded.tomcat.TomcatWebServer  : Tomcat started on port(s): 8090 (http) with context path ''
2022-05-16 11:53:47.542  INFO 1492 --- [restartedMain] c.c.b.springwebapp.SpringWebApplication  : Started SpringWebApplication in 1.22 seconds (JVM running for 1.763)
2022-05-16 11:53:54.919  INFO 1492 --- [http-nio-8090-exec-1] o.a.c.c.C.[Tomcat].[localhost].[/]       : Initializing Spring DispatcherServlet 'dispatcherServlet'
2022-05-16 11:53:54.919  INFO 1492 --- [http-nio-8090-exec-1] o.s.web.servlet.DispatcherServlet        : Initializing Servlet 'dispatcherServlet'
2022-05-16 11:53:54.920  INFO 1492 --- [http-nio-8090-exec-1] o.s.web.servlet.DispatcherServlet        : Completed initialization in 1 ms
2022-05-16 11:53:54.935 ERROR 1492 --- [http-nio-8090-exec-1] c.cts.boot.springwebapp.LoginController  : error message
2022-05-16 11:53:54.935  WARN 1492 --- [http-nio-8090-exec-1] c.cts.boot.springwebapp.LoginController  : warn message
2022-05-16 11:53:54.936  INFO 1492 --- [http-nio-8090-exec-1] c.cts.boot.springwebapp.LoginController  : info message
2022-05-16 11:53:54.936 DEBUG 1492 --- [http-nio-8090-exec-1] c.cts.boot.springwebapp.LoginController  : debug message
2022-05-16 11:54:45.884 ERROR 1492 --- [http-nio-8090-exec-3] c.cts.boot.springwebapp.LoginController  : error message
2022-05-16 11:54:45.884  WARN 1492 --- [http-nio-8090-exec-3] c.cts.boot.springwebapp.LoginController  : warn message
2022-05-16 11:54:45.884  INFO 1492 --- [http-nio-8090-exec-3] c.cts.boot.springwebapp.LoginController  : info message
2022-05-16 11:54:45.884 DEBUG 1492 --- [http-nio-8090-exec-3] c.cts.boot.springwebapp.LoginController  : debug message
2022-05-16 11:55:13.646 ERROR 1492 --- [http-nio-8090-exec-5] c.cts.boot.springwebapp.LoginController  : error message
2022-05-16 11:55:13.646  WARN 1492 --- [http-nio-8090-exec-5] c.cts.boot.springwebapp.LoginController  : warn message
2022-05-16 11:55:13.647  INFO 1492 --- [http-nio-8090-exec-5] c.cts.boot.springwebapp.LoginController  : info message
2022-05-16 11:55:13.647 DEBUG 1492 --- [http-nio-8090-exec-5] c.cts.boot.springwebapp.LoginController  : debug message
2022-05-16 12:02:31.959  INFO 1492 --- [RMI TCP Connection(18)-127.0.0.1] inMXBeanRegistrar$SpringApplicationAdmin : Application shutdown requested.
2022-05-16 12:02:33.433  INFO 12800 --- [restartedMain] c.c.b.springwebapp.SpringWebApplication  : Starting SpringWebApplication using Java 17.0.2 on MEGUMICHAN with PID 12800 (D:\cts\spring-webapp\spring-webapp\target\classes started by GRACE in D:\cts\spring-webapp\spring-webapp)
2022-05-16 12:02:33.434 DEBUG 12800 --- [restartedMain] c.c.b.springwebapp.SpringWebApplication  : Running with Spring Boot v2.6.7, Spring v5.3.19
2022-05-16 12:02:33.434  INFO 12800 --- [restartedMain] c.c.b.springwebapp.SpringWebApplication  : No active profile set, falling back to 1 default profile: "default"
2022-05-16 12:02:33.463  INFO 12800 --- [restartedMain] .e.DevToolsPropertyDefaultsPostProcessor : Devtools property defaults active! Set 'spring.devtools.add-properties' to 'false' to disable
2022-05-16 12:02:33.463  INFO 12800 --- [restartedMain] .e.DevToolsPropertyDefaultsPostProcessor : For additional web related logging consider setting the 'logging.level.web' property to 'DEBUG'
2022-05-16 12:02:33.971  INFO 12800 --- [restartedMain] o.s.b.w.embedded.tomcat.TomcatWebServer  : Tomcat initialized with port(s): 8090 (http)
2022-05-16 12:02:33.977  INFO 12800 --- [restartedMain] o.apache.catalina.core.StandardService   : Starting service [Tomcat]
2022-05-16 12:02:33.977  INFO 12800 --- [restartedMain] org.apache.catalina.core.StandardEngine  : Starting Servlet engine: [Apache Tomcat/9.0.62]
2022-05-16 12:02:34.016  INFO 12800 --- [restartedMain] o.a.c.c.C.[Tomcat].[localhost].[/]       : Initializing Spring embedded WebApplicationContext
2022-05-16 12:02:34.017  INFO 12800 --- [restartedMain] w.s.c.ServletWebServerApplicationContext : Root WebApplicationContext: initialization completed in 553 ms
2022-05-16 12:02:34.213  INFO 12800 --- [restartedMain] o.s.b.d.a.OptionalLiveReloadServer       : LiveReload server is running on port 35729
2022-05-16 12:02:34.234  INFO 12800 --- [restartedMain] o.s.b.w.embedded.tomcat.TomcatWebServer  : Tomcat started on port(s): 8090 (http) with context path ''
2022-05-16 12:02:34.240  INFO 12800 --- [restartedMain] c.c.b.springwebapp.SpringWebApplication  : Started SpringWebApplication in 1.027 seconds (JVM running for 1.514)
2022-05-16 12:02:40.409  INFO 12800 --- [http-nio-8090-exec-1] o.a.c.c.C.[Tomcat].[localhost].[/]       : Initializing Spring DispatcherServlet 'dispatcherServlet'
2022-05-16 12:02:40.410  INFO 12800 --- [http-nio-8090-exec-1] o.s.web.servlet.DispatcherServlet        : Initializing Servlet 'dispatcherServlet'
2022-05-16 12:02:40.410  INFO 12800 --- [http-nio-8090-exec-1] o.s.web.servlet.DispatcherServlet        : Completed initialization in 0 ms
2022-05-16 12:02:40.425 ERROR 12800 --- [http-nio-8090-exec-1] c.cts.boot.springwebapp.LoginController  : error message
2022-05-16 12:02:40.425  WARN 12800 --- [http-nio-8090-exec-1] c.cts.boot.springwebapp.LoginController  : warn message
2022-05-16 12:02:40.426  INFO 12800 --- [http-nio-8090-exec-1] c.cts.boot.springwebapp.LoginController  : info message
2022-05-16 12:02:40.426 DEBUG 12800 --- [http-nio-8090-exec-1] c.cts.boot.springwebapp.LoginController  : debug message
2022-05-16 12:47:52.161  INFO 12800 --- [RMI TCP Connection(54)-127.0.0.1] inMXBeanRegistrar$SpringApplicationAdmin : Application shutdown requested.
